<?xml version="1.0" encoding="UTF-8"?>
<!-- Generated by org.testng.reporters.JUnitReportReporter -->
<testsuite skipped="0" hostname="DESKTOP-NF4FA9N" name="testTestNG.TestTestNG" tests="1" failures="0" timestamp="2020-09-17T21:02:06 CDT" time="2.224" errors="0">
  <testcase name="test" time="2.224" classname="testTestNG.TestTestNG"/>
  <system-out/>
</testsuite> <!-- testTestNG.TestTestNG -->
